INFO [2019-09-02 18:49:07] [[1]]
INFO [2019-09-02 18:49:07] raw_data
INFO [2019-09-02 18:49:07] 
INFO [2019-09-02 18:49:07] $fill
INFO [2019-09-02 18:49:07] fill_color
INFO [2019-09-02 18:49:07] 
INFO [2019-09-02 18:49:07] $alpha
INFO [2019-09-02 18:49:07] rep(0.5, length(raw_data))
INFO [2019-09-02 18:49:07] 
INFO [2019-09-02 18:49:07] $cex
INFO [2019-09-02 18:49:07] [1] 2
INFO [2019-09-02 18:49:07] 
INFO [2019-09-02 18:49:07] $cat.fontface
INFO [2019-09-02 18:49:07] [1] 4
INFO [2019-09-02 18:49:07] 
INFO [2019-09-02 18:49:07] $lty
INFO [2019-09-02 18:49:07] [1] 1
INFO [2019-09-02 18:49:07] 
INFO [2019-09-02 18:49:07] $filename
INFO [2019-09-02 18:49:07] NULL
INFO [2019-09-02 18:49:07] 
